<?xml version="1.0" encoding="UTF-8"?>
<!-- Generated by org.testng.reporters.JUnitXMLReporter -->
<testsuite ignored="0" hostname="DESKTOP-BFKP7EA" failures="0" tests="3" name="GetRandomSpace" time="55.353" errors="0" timestamp="2024-12-24T12:44:58 IST">
  <testcase classname="testcase.GetrandomspaceFuncationality" name="openbrowse" time="33.773"/>
  <testcase classname="testcase.GetrandomspaceFuncationality" name="getrandomspacebutton" time="12.475"/>
  <testcase classname="testcase.GetrandomspaceFuncationality" name="cancelbooking" time="1.465"/>
</testsuite> <!-- GetRandomSpace -->
