<?xml version="1.0" encoding="UTF-8"?>
<!-- Generated by org.testng.reporters.JUnitXMLReporter -->
<testsuite ignored="0" hostname="DESKTOP-BFKP7EA" failures="0" tests="3" name="Default test" time="82.051" errors="0" timestamp="2024-12-26T15:44:05 IST">
  <testcase classname="testcase.HourlyBooking" name="openbrowse" time="32.997"/>
  <testcase classname="testcase.HourlyBooking" name="hourlybooking" time="20.733"/>
  <testcase classname="testcase.HourlyBooking" name="selecttime" time="18.295"/>
</testsuite> <!-- Default test -->
