<?xml version="1.0" encoding="UTF-8"?>
<!-- Generated by org.testng.reporters.JUnitXMLReporter -->
<testsuite ignored="0" hostname="DESKTOP-BFKP7EA" failures="0" tests="6" name="ChromeTest" time="73.226" errors="0" timestamp="23 Nov 2024 09:11:04 GMT">
  <testcase classname="testcase.onlymanullogin" name="fmanualloginoptions" time="16.448"/>
  <testcase classname="testcase.onlymanullogin" name="fmanualloginoptions" time="9.122"/>
  <testcase classname="testcase.onlymanullogin" name="fmanualloginoptions" time="10.728"/>
  <testcase classname="testcase.onlymanullogin" name="fmanualloginoptions" time="10.249"/>
  <testcase classname="testcase.onlymanullogin" name="fmanualloginoptions" time="12.729"/>
  <testcase classname="testcase.onlymanullogin" name="fmanualloginoptions" time="0.922"/>
</testsuite> <!-- ChromeTest -->
