<?xml version="1.0" encoding="UTF-8"?>
<!-- Generated by org.testng.reporters.JUnitXMLReporter -->
<testsuite ignored="0" hostname="DESKTOP-BFKP7EA" failures="0" tests="3" name="claim" time="21.104" errors="0" timestamp="27 Nov 2024 05:22:34 GMT">
  <testcase classname="testcase.getrandomspacefuncationality" name="openbrowse" time="12.815"/>
  <testcase classname="testcase.getrandomspacefuncationality" name="registerpage" time="0.001"/>
  <testcase classname="testcase.getrandomspacefuncationality" name="verifyvalidation" time="0.001"/>
</testsuite> <!-- claim -->
