<?xml version="1.0" encoding="UTF-8"?>
<!-- Generated by org.testng.reporters.JUnitXMLReporter -->
<testsuite ignored="0" hostname="DESKTOP-BFKP7EA" failures="1" tests="1" name="FirefoxTest" time="54.322" errors="0" timestamp="21 Nov 2024 06:30:57 GMT">
  <testcase classname="base.CrossBrowserTest" name="testGoogleHomePage" time="47.394">
    <failure type="org.openqa.selenium.ElementNotInteractableException" message="Element &amp;lt;div id=&amp;quot;language-dropdown-container&amp;quot; class=&amp;quot;dropdown&amp;quot;&amp;gt; could not be scrolled into view
Build info: version: &amp;apos;4.18.1&amp;apos;, revision: &amp;apos;b1d3319b48&amp;apos;
System info: os.name: &amp;apos;Windows 11&amp;apos;, os.arch: &amp;apos;amd64&amp;apos;, os.version: &amp;apos;10.0&amp;apos;, java.version: &amp;apos;21.0.2&amp;apos;
Driver info: org.openqa.selenium.firefox.FirefoxDriver
Command: [48971f97-ecdb-47fd-8697-bc12eff43e0f, clickElement {id=74f7b3e8-b7de-475f-aec1-afe93c7772cd}]
Capabilities {acceptInsecureCerts: true, browserName: firefox, browserVersion: 132.0.2, moz:accessibilityChecks: false, moz:buildID: 20241110231641, moz:geckodriverVersion: 0.35.0, moz:headless: false, moz:platformVersion: 10.0, moz:processID: 6004, moz:profile: C:\Users\LENOVO\AppData\Loc..., moz:shutdownTimeout: 60000, moz:webdriverClick: true, moz:windowless: false, pageLoadStrategy: normal, platformName: windows, proxy: Proxy(), setWindowRect: true, strictFileInteractability: false, timeouts: {implicit: 0, pageLoad: 300000, script: 30000}, unhandledPromptBehavior: dismiss and notify, userAgent: Mozilla/5.0 (Windows NT 10....}
Element: [[FirefoxDriver: firefox on windows (48971f97-ecdb-47fd-8697-bc12eff43e0f)] -&amp;gt; class name: dropdown]
Session ID: 48971f97-ecdb-47fd-8697-bc12eff43e0f">
      <![CDATA[org.openqa.selenium.ElementNotInteractableException: Element <div id="language-dropdown-container" class="dropdown"> could not be scrolled into view
Build info: version: '4.18.1', revision: 'b1d3319b48'
System info: os.name: 'Windows 11', os.arch: 'amd64', os.version: '10.0', java.version: '21.0.2'
Driver info: org.openqa.selenium.firefox.FirefoxDriver
Command: [48971f97-ecdb-47fd-8697-bc12eff43e0f, clickElement {id=74f7b3e8-b7de-475f-aec1-afe93c7772cd}]
Capabilities {acceptInsecureCerts: true, browserName: firefox, browserVersion: 132.0.2, moz:accessibilityChecks: false, moz:buildID: 20241110231641, moz:geckodriverVersion: 0.35.0, moz:headless: false, moz:platformVersion: 10.0, moz:processID: 6004, moz:profile: C:\Users\LENOVO\AppData\Loc..., moz:shutdownTimeout: 60000, moz:webdriverClick: true, moz:windowless: false, pageLoadStrategy: normal, platformName: windows, proxy: Proxy(), setWindowRect: true, strictFileInteractability: false, timeouts: {implicit: 0, pageLoad: 300000, script: 30000}, unhandledPromptBehavior: dismiss and notify, userAgent: Mozilla/5.0 (Windows NT 10....}
Element: [[FirefoxDriver: firefox on windows (48971f97-ecdb-47fd-8697-bc12eff43e0f)] -> class name: dropdown]
Session ID: 48971f97-ecdb-47fd-8697-bc12eff43e0f
	at org.openqa.selenium.remote.ErrorCodec.decode(ErrorCodec.java:167)
	at org.openqa.selenium.remote.codec.w3c.W3CHttpResponseCodec.decode(W3CHttpResponseCodec.java:138)
	at org.openqa.selenium.remote.codec.w3c.W3CHttpResponseCodec.decode(W3CHttpResponseCodec.java:50)
	at org.openqa.selenium.remote.HttpCommandExecutor.execute(HttpCommandExecutor.java:190)
	at org.openqa.selenium.remote.service.DriverCommandExecutor.invokeExecute(DriverCommandExecutor.java:216)
	at org.openqa.selenium.remote.service.DriverCommandExecutor.execute(DriverCommandExecutor.java:174)
	at org.openqa.selenium.remote.RemoteWebDriver.execute(RemoteWebDriver.java:519)
	at org.openqa.selenium.remote.RemoteWebElement.execute(RemoteWebElement.java:223)
	at org.openqa.selenium.remote.RemoteWebElement.click(RemoteWebElement.java:76)
	at base.CrossBrowserTest.testGoogleHomePage(CrossBrowserTest.java:71)
... Removed 26 stack frames]]>
    </failure>
  </testcase> <!-- testGoogleHomePage -->
</testsuite> <!-- FirefoxTest -->
