<?xml version="1.0" encoding="UTF-8"?>
<!-- Generated by org.testng.reporters.JUnitXMLReporter -->
<testsuite ignored="0" hostname="DESKTOP-BFKP7EA" failures="0" tests="3" name="GetRandomSpace" time="64.586" errors="0" timestamp="28 Nov 2024 12:17:06 GMT">
  <testcase classname="testcase.GetrandomspaceFuncationality" name="openbrowse" time="24.59"/>
  <testcase classname="testcase.GetrandomspaceFuncationality" name="getrandomspacebutton" time="28.919"/>
  <testcase classname="testcase.GetrandomspaceFuncationality" name="cancelbooking" time="0.004"/>
</testsuite> <!-- GetRandomSpace -->
