<?xml version="1.0" encoding="UTF-8"?>
<!-- Generated by org.testng.reporters.JUnitXMLReporter -->
<testsuite ignored="0" hostname="DESKTOP-BFKP7EA" failures="0" tests="6" name="readfile" time="74.72" errors="0" timestamp="23 Nov 2024 09:20:46 GMT">
  <testcase classname="testcase.onlymanullogin" name="fmanualloginoptions" time="15.986"/>
  <testcase classname="testcase.onlymanullogin" name="fmanualloginoptions" time="10.205"/>
  <testcase classname="testcase.onlymanullogin" name="fmanualloginoptions" time="10.866"/>
  <testcase classname="testcase.onlymanullogin" name="fmanualloginoptions" time="10.62"/>
  <testcase classname="testcase.onlymanullogin" name="fmanualloginoptions" time="10.105"/>
  <testcase classname="testcase.onlymanullogin" name="fmanualloginoptions" time="1.869"/>
</testsuite> <!-- readfile -->
